2025-07-11 21:47:12,978 - INFO - 🤖 ЗАПУСК ПОЛНОСТЬЮ АВТОМАТИЧЕСКОГО СБОРА
2025-07-11 21:47:12,978 - INFO - 🎯 ЦЕЛЬ: 50 бизнесов с 85% телефонов
2025-07-11 21:47:12,980 - INFO - 🔍 Начало автоматического Google поиска
2025-07-11 21:47:12,980 - INFO - 📍 Города: 47
2025-07-11 21:47:12,980 - INFO - 🔎 Запросы: 12
2025-07-11 21:47:12,980 - INFO - 📄 Страницы: 2-5 (фокус на низкие позиции)
2025-07-11 21:47:12,980 - INFO - 🔍 Akron OH | scrap metal buyers | страница 2
2025-07-11 21:47:13,852 - WARNING -   ❌ Страница 2 пуста - возможна блокировка
2025-07-11 21:47:59,056 - INFO - 🔍 Akron OH | scrap metal buyers | страница 3
2025-07-11 21:47:59,317 - WARNING -   ❌ Страница 3 пуста - возможна блокировка
2025-07-11 21:48:53,387 - INFO - 🔍 Akron OH | scrap metal buyers | страница 4
2025-07-11 21:48:53,815 - WARNING -   ❌ Страница 4 пуста - возможна блокировка
2025-07-11 21:58:23,669 - INFO - 🤖 ЗАПУСК УСИЛЕННОГО АВТОМАТИЧЕСКОГО СБОРА
2025-07-11 21:58:23,670 - INFO - 🎯 ЦЕЛЬ: 50 бизнесов с 85% телефонов
2025-07-11 21:58:23,670 - INFO - 🛡️ ЗАЩИТА: Продвинутые методы обхода блокировок
2025-07-11 21:58:23,670 - INFO - 🔍 Начало усиленного Google поиска
2025-07-11 21:58:23,670 - INFO - 📍 Города: 47
2025-07-11 21:58:23,670 - INFO - 🔎 Запросы: 12
2025-07-11 21:58:23,670 - INFO - 📄 Страницы: 2-5 (фокус на низкие позиции)
2025-07-11 21:58:23,670 - INFO - 🔍 Akron OH | scrap metal buyers | страница 2
2025-07-11 21:58:24,467 - WARNING -   ⚠️ Страница 2 пуста - возможная блокировка
2025-07-11 21:59:04,297 - INFO - 🔍 Akron OH | scrap metal buyers | страница 3
2025-07-11 21:59:04,735 - WARNING -   ⚠️ Страница 3 пуста - возможная блокировка
2025-07-11 22:06:18,109 - INFO - 🤖 ЗАПУСК УСИЛЕННОГО АВТОМАТИЧЕСКОГО СБОРА
2025-07-11 22:06:18,109 - INFO - 🎯 ЦЕЛЬ: 20 бизнесов с 85% телефонов
2025-07-11 22:06:18,109 - INFO - 🛡️ ЗАЩИТА: Продвинутые методы обхода блокировок
2025-07-11 22:06:18,109 - INFO - 🔍 Начало усиленного Google поиска
2025-07-11 22:06:18,110 - INFO - 📍 Города: 47
2025-07-11 22:06:18,110 - INFO - 🔎 Запросы: 12
2025-07-11 22:06:18,110 - INFO - 📄 Страницы: 2-5 (фокус на низкие позиции)
2025-07-11 22:06:18,110 - INFO - 🔍 Akron OH | scrap metal buyers | страница 2
2025-07-11 22:06:19,096 - WARNING -   ⚠️ Страница 2 пуста - возможная блокировка
2025-07-11 22:06:47,413 - INFO - 🔍 Akron OH | scrap metal buyers | страница 3
2025-07-11 22:06:47,766 - WARNING -   ⚠️ Страница 3 пуста - возможная блокировка
2025-07-11 22:07:28,388 - INFO - 🔍 Akron OH | scrap metal buyers | страница 4
2025-07-11 22:07:28,622 - WARNING -   ⚠️ Страница 4 пуста - возможная блокировка
2025-07-11 22:07:28,622 - INFO - 🔄 Переключение на альтернативные поисковики...
2025-07-11 22:07:28,622 - INFO - 🔄 Попытка поиска через Bing
2025-07-11 22:07:29,962 - INFO -   ✅ Альтернативный поиск: 5 ссылок
2025-07-11 22:08:03,152 - INFO - 🔍 Akron OH | scrap metal buyers | страница 5
2025-07-11 22:08:03,420 - WARNING -   ⚠️ Страница 5 пуста - возможная блокировка
2025-07-11 22:11:32,334 - INFO - 🤖 ЗАПУСК УСИЛЕННОГО АВТОМАТИЧЕСКОГО СБОРА
2025-07-11 22:11:32,334 - INFO - 🎯 ЦЕЛЬ: 50 бизнесов с 85% телефонов
2025-07-11 22:11:32,335 - INFO - 🛡️ ЗАЩИТА: Продвинутые методы обхода блокировок
2025-07-11 22:11:32,335 - INFO - 🔍 Начало усиленного Google поиска
2025-07-11 22:11:32,335 - INFO - 📍 Города: 47
2025-07-11 22:11:32,335 - INFO - 🔎 Запросы: 12
2025-07-11 22:11:32,335 - INFO - 📄 Страницы: 2-5 (фокус на низкие позиции)
2025-07-11 22:11:32,335 - INFO - 🔍 Akron OH | scrap metal buyers | Bing | страница 2
2025-07-11 22:11:33,349 - WARNING -   ⚠️ Страница 2 пуста - возможная блокировка
2025-07-11 22:12:00,943 - INFO - 🔍 Akron OH | scrap metal buyers | Bing | страница 3
2025-07-11 22:12:01,390 - WARNING -   ⚠️ Страница 3 пуста - возможная блокировка
2025-07-11 22:12:40,848 - INFO - 🔍 Akron OH | scrap metal buyers | Bing | страница 4
2025-07-11 22:12:41,532 - WARNING -   ⚠️ Страница 4 пуста - возможная блокировка
2025-07-11 22:12:41,533 - INFO - 🔄 Переключение на альтернативные поисковики...
2025-07-11 22:12:41,533 - INFO - 🔄 Попытка поиска через Bing
2025-07-11 22:13:23,970 - INFO - 🔍 Akron OH | scrap metal buyers | Bing | страница 5
2025-07-11 22:13:24,402 - INFO -   ✅ Найдено 8 ссылок
2025-07-11 22:13:30,393 - INFO - 📈 Прогресс: 0.2% | Блокировок: 75.0%
2025-07-11 22:13:35,251 - INFO - 🔍 Akron OH | metal recycling center | Bing | страница 2
2025-07-11 22:13:35,764 - WARNING -   ⚠️ Страница 2 пуста - возможная блокировка
2025-07-11 22:14:13,190 - INFO - 🔍 Akron OH | metal recycling center | Bing | страница 3
2025-07-11 22:14:13,676 - WARNING -   ⚠️ Страница 3 пуста - возможная блокировка
2025-07-11 22:14:48,375 - INFO - 🔍 Akron OH | metal recycling center | Bing | страница 4
2025-07-11 22:14:49,542 - WARNING -   ⚠️ Страница 4 пуста - возможная блокировка
2025-07-11 22:14:49,542 - INFO - 🔄 Переключение на альтернативные поисковики...
2025-07-11 22:14:49,542 - INFO - 🔄 Попытка поиска через Bing
2025-07-11 22:15:26,490 - INFO - 🔍 Akron OH | metal recycling center | Bing | страница 5
2025-07-11 22:15:26,911 - INFO -   ✅ Найдено 9 ссылок
2025-07-11 22:15:34,530 - INFO - 📈 Прогресс: 0.4% | Блокировок: 75.0%
2025-07-11 22:15:38,295 - INFO - 🔍 Akron OH | scrap yard near me | Bing | страница 2
2025-07-11 22:15:38,808 - WARNING -   ⚠️ Страница 2 пуста - возможная блокировка
2025-07-11 22:16:25,801 - INFO - 🔍 Akron OH | scrap yard near me | Bing | страница 3
2025-07-11 22:16:26,257 - INFO -   ✅ Найдено 7 ссылок
2025-07-11 22:16:32,905 - INFO - 🔍 Akron OH | scrap yard near me | Bing | страница 4
2025-07-11 22:16:33,304 - WARNING -   ⚠️ Страница 4 пуста - возможная блокировка
2025-07-11 22:17:14,935 - INFO - 🔍 Akron OH | scrap yard near me | Bing | страница 5
2025-07-11 22:17:15,395 - WARNING -   ⚠️ Страница 5 пуста - возможная блокировка
2025-07-11 22:17:15,395 - INFO - 🔄 Переключение на альтернативные поисковики...
2025-07-11 22:17:15,396 - INFO - 🔄 Попытка поиска через Bing
2025-07-11 22:17:59,717 - INFO - 📈 Прогресс: 0.5% | Блокировок: 75.0%
2025-07-11 22:18:03,078 - INFO - 🔍 Akron OH | junk yard | Bing | страница 2
2025-07-11 22:18:03,562 - INFO -   ✅ Найдено 9 ссылок
2025-07-11 22:18:12,906 - INFO - 🔍 Akron OH | junk yard | Bing | страница 3
2025-07-11 22:18:13,297 - WARNING -   ⚠️ Страница 3 пуста - возможная блокировка
2025-07-11 22:18:53,153 - INFO - 🔍 Akron OH | junk yard | Bing | страница 4
2025-07-11 22:18:53,609 - WARNING -   ⚠️ Страница 4 пуста - возможная блокировка
2025-07-11 22:19:21,738 - INFO - 🔍 Akron OH | junk yard | Bing | страница 5
2025-07-11 22:19:22,138 - WARNING -   ⚠️ Страница 5 пуста - возможная блокировка
2025-07-11 22:19:22,138 - INFO - 🔄 Переключение на альтернативные поисковики...
2025-07-11 22:19:22,138 - INFO - 🔄 Попытка поиска через Bing
2025-07-11 22:19:22,554 - INFO -   ✅ Альтернативный поиск: 8 ссылок
2025-07-11 22:20:07,181 - INFO - 📈 Прогресс: 0.7% | Блокировок: 75.0%
2025-07-11 22:20:14,525 - INFO - 🔍 Akron OH | auto salvage yard | Bing | страница 2
2025-07-11 22:20:15,374 - WARNING -   ⚠️ Страница 2 пуста - возможная блокировка
2025-07-11 22:20:51,824 - INFO - 🔍 Akron OH | auto salvage yard | Bing | страница 3
2025-07-11 22:20:52,334 - WARNING -   ⚠️ Страница 3 пуста - возможная блокировка
2025-07-11 22:21:24,309 - INFO - 🔍 Akron OH | auto salvage yard | Bing | страница 4
2025-07-11 22:21:24,773 - WARNING -   ⚠️ Страница 4 пуста - возможная блокировка
2025-07-11 22:21:24,773 - INFO - 🔄 Переключение на альтернативные поисковики...
2025-07-11 22:21:24,774 - INFO - 🔄 Попытка поиска через Bing
2025-07-11 22:22:08,934 - INFO - 🔍 Akron OH | auto salvage yard | Bing | страница 5
2025-07-11 22:22:09,389 - WARNING -   ⚠️ Страница 5 пуста - возможная блокировка
2025-07-11 22:22:49,761 - INFO - 📈 Прогресс: 0.9% | Блокировок: 80.0%
2025-07-11 22:22:57,006 - INFO - 🔍 Akron OH | copper scrap buyers | Bing | страница 2
2025-07-11 22:22:57,224 - WARNING -   ⚠️ Страница 2 пуста - возможная блокировка
2025-07-11 22:23:30,542 - INFO - 🔍 Akron OH | copper scrap buyers | Bing | страница 3
2025-07-11 22:23:31,021 - WARNING -   ⚠️ Страница 3 пуста - возможная блокировка
2025-07-11 22:23:31,021 - INFO - 🔄 Переключение на альтернативные поисковики...
2025-07-11 22:23:31,021 - INFO - 🔄 Попытка поиска через Bing
2025-07-11 22:24:12,199 - INFO - 🔍 Akron OH | copper scrap buyers | Bing | страница 4
2025-07-11 22:24:12,629 - WARNING -   ⚠️ Страница 4 пуста - возможная блокировка
2025-07-11 22:24:55,366 - INFO - 🔍 Akron OH | copper scrap buyers | Bing | страница 5
2025-07-11 22:24:55,786 - WARNING -   ⚠️ Страница 5 пуста - возможная блокировка
2025-07-11 22:25:40,726 - INFO - 📈 Прогресс: 1.1% | Блокировок: 83.3%
2025-07-11 22:25:44,060 - INFO - 🔍 Akron OH | aluminum recycling | Bing | страница 2
2025-07-11 22:25:44,572 - WARNING -   ⚠️ Страница 2 пуста - возможная блокировка
2025-07-11 22:25:44,572 - INFO - 🔄 Переключение на альтернативные поисковики...
2025-07-11 22:25:44,572 - INFO - 🔄 Попытка поиска через Bing
2025-07-11 22:26:19,136 - INFO - 🔍 Akron OH | aluminum recycling | Bing | страница 3
2025-07-11 22:26:19,536 - INFO -   ✅ Найдено 9 ссылок
2025-07-11 22:26:29,512 - INFO - 🔍 Akron OH | aluminum recycling | Bing | страница 4
2025-07-11 22:26:29,929 - WARNING -   ⚠️ Страница 4 пуста - возможная блокировка
2025-07-11 22:27:15,116 - INFO - 🔍 Akron OH | aluminum recycling | Bing | страница 5
2025-07-11 22:27:15,615 - INFO -   ✅ Найдено 8 ссылок
2025-07-11 22:27:23,103 - INFO - 📈 Прогресс: 1.2% | Блокировок: 78.6%
2025-07-11 22:27:30,516 - INFO - 🔍 Akron OH | steel scrap dealers | Bing | страница 2
2025-07-11 22:27:30,979 - WARNING -   ⚠️ Страница 2 пуста - возможная блокировка
2025-07-11 22:28:07,900 - INFO - 🔍 Akron OH | steel scrap dealers | Bing | страница 3
2025-07-11 22:28:08,300 - WARNING -   ⚠️ Страница 3 пуста - возможная блокировка
2025-07-11 22:28:08,300 - INFO - 🔄 Переключение на альтернативные поисковики...
2025-07-11 22:28:08,301 - INFO - 🔄 Попытка поиска через Bing
2025-07-11 22:28:49,105 - INFO - 🔍 Akron OH | steel scrap dealers | Bing | страница 4
2025-07-11 22:28:50,551 - WARNING -   ⚠️ Страница 4 пуста - возможная блокировка
2025-07-11 22:29:38,246 - INFO - 🔍 Akron OH | steel scrap dealers | Bing | страница 5
2025-07-11 22:29:57,479 - ERROR - Bing request error for steel scrap dealers Akron OH: ('Connection aborted.', RemoteDisconnected('Remote end closed connection without response'))
2025-07-11 22:29:57,480 - WARNING -   ⚠️ Страница 5 пуста - возможная блокировка
2025-07-11 22:30:40,390 - INFO - 📈 Прогресс: 1.4% | Блокировок: 81.2%
2025-07-11 22:30:43,420 - INFO - 🔍 Akron OH | metal scrap pickup | Bing | страница 2
2025-07-11 22:30:43,422 - ERROR - Bing request error for metal scrap pickup Akron OH: HTTPSConnectionPool(host='www.bing.com', port=443): Max retries exceeded with url: /search?q=metal+scrap+pickup+Akron+OH&first=11 (Caused by NameResolutionError("<urllib3.connection.HTTPSConnection object at 0x000001CF4D455FD0>: Failed to resolve 'www.bing.com' ([Errno 11001] getaddrinfo failed)"))
2025-07-11 22:30:43,422 - WARNING -   ⚠️ Страница 2 пуста - возможная блокировка
2025-07-11 22:30:43,422 - INFO - 🔄 Переключение на альтернативные поисковики...
2025-07-11 22:30:43,422 - INFO - 🔄 Попытка поиска через Bing
2025-07-11 22:30:43,423 - ERROR - Error searching with Bing: HTTPSConnectionPool(host='www.bing.com', port=443): Max retries exceeded with url: /search?q=metal+scrap+pickup+Akron+OH&first=10 (Caused by NameResolutionError("<urllib3.connection.HTTPSConnection object at 0x000001CF4D4EFBC0>: Failed to resolve 'www.bing.com' ([Errno 11001] getaddrinfo failed)"))
2025-07-11 22:30:43,424 - INFO - 🔄 Попытка поиска через DuckDuckGo
2025-07-11 22:30:43,424 - ERROR - Error searching with DuckDuckGo: HTTPSConnectionPool(host='duckduckgo.com', port=443): Max retries exceeded with url: /html?q=metal+scrap+pickup+Akron+OH&s=10 (Caused by NameResolutionError("<urllib3.connection.HTTPSConnection object at 0x000001CF4D50BB60>: Failed to resolve 'duckduckgo.com' ([Errno 11001] getaddrinfo failed)"))
2025-07-11 22:34:40,590 - INFO - 🤖 ЗАПУСК УСИЛЕННОГО АВТОМАТИЧЕСКОГО СБОРА
2025-07-11 22:34:40,590 - INFO - 🎯 ЦЕЛЬ: 50 бизнесов с 85% телефонов
2025-07-11 22:34:40,590 - INFO - 🛡️ ЗАЩИТА: Продвинутые методы обхода блокировок
2025-07-11 22:34:40,591 - INFO - 🔍 Начало усиленного Google поиска
2025-07-11 22:34:40,591 - INFO - 📍 Города: 47
2025-07-11 22:34:40,591 - INFO - 🔎 Запросы: 12
2025-07-11 22:34:40,591 - INFO - 📄 Страницы: 2-5 (фокус на низкие позиции)
2025-07-11 22:34:43,912 - INFO - 📈 Прогресс: 1.7% | Блокировок: 0.0% | Ссылок: 18
2025-07-11 22:34:44,816 - INFO - 📈 Прогресс: 3.3% | Блокировок: 0.0% | Ссылок: 34
2025-07-11 22:34:44,929 - INFO - 📈 Прогресс: 5.0% | Блокировок: 0.0% | Ссылок: 49
2025-07-11 22:34:45,461 - INFO - 📈 Прогресс: 6.7% | Блокировок: 0.0% | Ссылок: 68
2025-07-11 22:34:47,227 - INFO - 📈 Прогресс: 8.3% | Блокировок: 0.0% | Ссылок: 87
2025-07-11 22:34:47,828 - INFO - 📈 Прогресс: 10.0% | Блокировок: 0.0% | Ссылок: 103
2025-07-11 22:34:48,209 - INFO - 📈 Прогресс: 11.7% | Блокировок: 0.0% | Ссылок: 122
2025-07-11 22:34:48,875 - INFO - 📈 Прогресс: 13.3% | Блокировок: 0.0% | Ссылок: 139
2025-07-11 22:34:49,990 - INFO - 📈 Прогресс: 15.0% | Блокировок: 0.0% | Ссылок: 156
2025-07-11 22:34:51,025 - INFO - 📈 Прогресс: 16.7% | Блокировок: 0.0% | Ссылок: 174
2025-07-11 22:34:51,119 - INFO - 📈 Прогресс: 18.3% | Блокировок: 0.0% | Ссылок: 191
2025-07-11 22:34:52,114 - INFO - 📈 Прогресс: 20.0% | Блокировок: 0.0% | Ссылок: 204
2025-07-11 22:34:52,115 - INFO - 🎯 Достаточно ссылок собрано, останавливаем поиск
2025-07-11 22:35:34,369 - INFO - 🔗 Собрано уникальных ссылок: 169
2025-07-11 22:35:34,370 - INFO - 📊 Приоритизация 169 ссылок
2025-07-11 22:35:34,370 - INFO - 📈 Ссылки приоритизированы: 169
2025-07-11 22:35:34,371 - INFO - 📞 Параллельное извлечение контактов из 169 ссылок
2025-07-11 22:35:34,591 - INFO - ✅ [1] Contact Us: (490) 315-4245
2025-07-11 22:35:35,428 - INFO - ✅ [2] United Salvage Co Inc in Akron, OH: (370) 269-8287
2025-07-11 22:35:35,789 - INFO - ✅ [3] Harrys Scrap Metals: (330) 762-7300
2025-07-11 22:35:36,122 - INFO - ✅ [4] River Valley Paper Company: (330) 535-1001
2025-07-11 22:35:36,137 - INFO - ✅ [5] Hazel Street Recycling: (330) 258-2040
2025-07-11 22:35:36,361 - INFO - ✅ [6] ᐉ Scrap Metal Yards and Dealers in Toledo – Prices, Locations: (419) 469-3422
2025-07-11 22:35:36,366 - INFO - ✅ [7] Home: (330) 252-5655
2025-07-11 22:35:36,368 - INFO - ✅ [8] Lakes Auto Recycling Inc: (159) 161-2374
2025-07-11 22:35:36,808 - INFO - ✅ [9] Toledo Metal Recycling: (419) 698-1153
2025-07-11 22:35:36,809 - INFO - ✅ [10] AIM ECycling: (419) 517-2055
2025-07-11 22:35:38,015 - INFO - ✅ [11] R&M Recycling Inc: (419) 269-5000
2025-07-11 22:35:38,793 - INFO - ✅ [12] Toledo Shredding: (419) 698-1153
2025-07-11 22:35:39,348 - INFO - ✅ [13] Contact R & M Recycling: (517) 263-9000
2025-07-11 22:35:41,348 - INFO - ✅ [14] ᐉ Holub Recycling: (330) 252-5655
2025-07-11 22:35:41,405 - INFO - ✅ [15] Ohio Scrap Metal Prices: (602) 015-9727
2025-07-11 22:35:41,849 - INFO - ✅ [16] Akron, OH Scrap Metal Prices: (602) 015-9727
2025-07-11 22:35:41,852 - INFO - ✅ [17] Scrap Metal Prices in Akron, Ohio, United States: (984) 779-7165
2025-07-11 22:35:41,871 - INFO - 📊 Обработано: 50, с телефонами: 17 (34.0%)
2025-07-11 22:35:42,047 - INFO - ✅ [18] Harrys Scrap Metals: (330) 762-7300
2025-07-11 22:35:42,460 - INFO - ✅ [19] City Scrap & Salvage: (330) 753-5051
2025-07-11 22:35:42,866 - INFO - ✅ [20] Scrap Metal Prices in Toledo, Ohio, United States: (550) 265-7437
2025-07-11 22:35:43,095 - INFO - ✅ [21] Best scrap metal recycling near Ottawa, Toledo, OH: (427) 213-5598
2025-07-11 22:35:43,176 - INFO - ✅ [22] Current Scrap Metal Prices in Akron, Ohio: (668) 079-0972
2025-07-11 22:35:43,371 - INFO - ✅ [23] Scrap Metal Program: (446) 470-9844
2025-07-11 22:35:43,501 - INFO - ✅ [24] Ferrous Scrap: (330) 258-2040
2025-07-11 22:35:43,687 - INFO - ✅ [25] Toledo, OH Scrap Metal Prices: (602) 015-9727
2025-07-11 22:35:43,771 - INFO - ✅ [26] Scrap Yards or Scrap Metal Recycling Centers near …: (715) 553-4353
2025-07-11 22:35:43,892 - INFO - ✅ [27] Scrap Metal Prices per Pound in Toledo 2025: (632) 199-8297
2025-07-11 22:35:44,098 - INFO - ✅ [28] Cleveland, OH Scrap Metal Prices: (602) 015-9727
2025-07-11 22:35:44,700 - INFO - ✅ [29] Harrys Metals: (330) 762-7300
2025-07-11 22:35:44,926 - INFO - ✅ [30] Pull: (773) 325-3605
2025-07-11 22:35:47,004 - INFO - ✅ [31] Sell your Scrap to FPT: (866) 337-7687
2025-07-11 22:35:48,632 - INFO - ✅ [32] Cash for Junk Cars in Akron: Scrap Your Junk Car …: (330) 238-2748
2025-07-11 22:35:50,056 - INFO - 📊 Обработано: 100, с телефонами: 32 (32.0%)
2025-07-11 22:35:50,818 - INFO - ✅ [33] Barberton Junk Cars – Buying Junk and Scrap Cars 6 …: (330) 732-5865
2025-07-11 22:35:50,881 - INFO - ✅ [34] Home: (628) 204-3136
2025-07-11 22:35:50,922 - INFO - ✅ [35] Scrap Yards: (400) 177-5141
2025-07-11 22:35:51,369 - INFO - ✅ [36] Junkyards in Ohio: (105) 011-9575
2025-07-11 22:35:51,383 - INFO - ✅ [37] We buy scrap circuit boards, cpus, motherboards, gold …: (362) 732-7712
2025-07-11 22:35:52,216 - INFO - ✅ [38] Metal Recycling: (517) 263-9000
2025-07-11 22:35:53,027 - INFO - ✅ [39] Metal Recycling: (517) 263-9000
2025-07-11 22:35:53,909 - INFO - ✅ [40] THE BEST 10 JUNKYARDS in TOLEDO, OH: (257) 798-9728
2025-07-11 22:35:54,243 - INFO - ✅ [41] BlueScope Recycling: (163) 961-5478
2025-07-11 22:35:55,333 - INFO - ✅ [42] A1 AUTO SALVAGE, LLC: (419) 478-5100
2025-07-11 22:35:55,404 - INFO - ✅ [43] A1 Automotive And Salvage: (419) 478-5100
2025-07-11 22:35:55,784 - INFO - ✅ [44] Toledo Metal Recycling: (419) 698-1153
2025-07-11 22:35:56,453 - INFO - ✅ [45] Salvage and Recycled Auto Parts in Toledo 43612: (419) 324-2474
2025-07-11 22:35:56,604 - INFO - ✅ [46] Scrap Copper Wire Prices Per Pound Toledo, Ohio: (511) 286-8780
2025-07-11 22:35:56,783 - INFO - 📊 Обработано: 150, с телефонами: 46 (30.7%)
2025-07-11 22:35:56,784 - INFO - 📊 ИТОГО: обработано 150, найдено 46 с телефонами (30.7%)
2025-07-11 22:35:56,785 - INFO - ✅ УСИЛЕННЫЙ СБОР ЗАВЕРШЕН за 1.3 минут
2025-07-11 22:35:56,785 - INFO - 📊 РЕЗУЛЬТАТ: 46 бизнесов, 100.0% с телефонами
2025-07-11 22:35:56,785 - INFO - 🛡️ БЛОКИРОВОК: 0, УСПЕШНО: 120
2025-07-11 22:35:57,110 - INFO - ✅ Экспорт завершен:
2025-07-11 22:35:57,110 - INFO -   • CSV: output\automated_google_results_20250711_223556.csv
2025-07-11 22:35:57,110 - INFO -   • Excel: output\automated_google_results_20250711_223556.xlsx
2025-07-11 22:35:57,110 - INFO -   • Отчет: output\automated_report_20250711_223556.txt
2025-07-11 22:46:55,719 - INFO - 🤖 ЗАПУСК УСИЛЕННОГО АВТОМАТИЧЕСКОГО СБОРА
2025-07-11 22:46:55,719 - INFO - 🎯 ЦЕЛЬ: 50 бизнесов с 85% телефонов
2025-07-11 22:46:55,719 - INFO - 🛡️ ЗАЩИТА: Продвинутые методы обхода блокировок
2025-07-11 22:46:55,719 - INFO - 🔍 Начало усиленного Google поиска
2025-07-11 22:46:55,719 - INFO - 📍 Города: 47
2025-07-11 22:46:55,719 - INFO - 🔎 Запросы: 12
2025-07-11 22:46:55,720 - INFO - 📄 Страницы: 2-5 (фокус на низкие позиции)
2025-07-11 22:46:58,775 - INFO - 📈 Прогресс: 1.7% | Блокировок: 0.0% | Ссылок: 17
2025-07-11 22:46:59,557 - INFO - 📈 Прогресс: 3.3% | Блокировок: 0.0% | Ссылок: 32
2025-07-11 22:46:59,957 - INFO - 📈 Прогресс: 5.0% | Блокировок: 0.0% | Ссылок: 51
2025-07-11 22:47:00,097 - INFO - 📈 Прогресс: 6.7% | Блокировок: 0.0% | Ссылок: 69
2025-07-11 22:47:01,853 - INFO - 📈 Прогресс: 8.3% | Блокировок: 0.0% | Ссылок: 88
2025-07-11 22:47:02,511 - INFO - 📈 Прогресс: 10.0% | Блокировок: 0.0% | Ссылок: 107
2025-07-11 22:47:02,999 - INFO - 📈 Прогресс: 11.7% | Блокировок: 0.0% | Ссылок: 124
2025-07-11 22:47:03,170 - INFO - 📈 Прогресс: 13.3% | Блокировок: 0.0% | Ссылок: 139
2025-07-11 22:47:05,059 - INFO - 📈 Прогресс: 15.0% | Блокировок: 0.0% | Ссылок: 155
2025-07-11 22:47:05,452 - INFO - 📈 Прогресс: 16.7% | Блокировок: 0.0% | Ссылок: 172
2025-07-11 22:47:06,389 - INFO - 📈 Прогресс: 18.3% | Блокировок: 0.0% | Ссылок: 190
2025-07-11 22:47:07,287 - INFO - 📈 Прогресс: 20.0% | Блокировок: 0.0% | Ссылок: 203
2025-07-11 22:47:07,288 - INFO - 🎯 Достаточно ссылок собрано, останавливаем поиск
2025-07-11 22:47:47,286 - INFO - 🔗 Собрано уникальных ссылок: 174
2025-07-11 22:47:47,287 - INFO - 📊 Приоритизация 174 ссылок
2025-07-11 22:47:47,288 - INFO - 📈 Ссылки приоритизированы: 174
2025-07-11 22:47:47,288 - INFO - 📞 Параллельное извлечение контактов из 174 ссылок
2025-07-11 22:47:53,315 - INFO - 📊 Обработано: 50, с телефонами: 0 (0.0%)
2025-07-11 22:48:01,550 - INFO - 📊 Обработано: 100, с телефонами: 0 (0.0%)
2025-07-11 22:49:25,314 - INFO - 📊 Обработано: 150, с телефонами: 0 (0.0%)
2025-07-11 22:49:25,314 - INFO - 📊 ИТОГО: обработано 150, найдено 0 с телефонами (0.0%)
2025-07-11 22:49:25,315 - INFO - ✅ УСИЛЕННЫЙ СБОР ЗАВЕРШЕН за 2.5 минут
2025-07-11 22:49:25,315 - INFO - 📊 РЕЗУЛЬТАТ: 0 бизнесов, 0.0% с телефонами
2025-07-11 22:49:25,315 - INFO - 🛡️ БЛОКИРОВОК: 0, УСПЕШНО: 120
